\BOOKMARK [0][]{chapter.1}{\376\377\0001\000\040\000I\000n\000d\000l\000e\000d\000n\000i\000n\000g}{}% 1
\BOOKMARK [0][]{chapter.2}{\376\377\0002\000\040\000N\000i\000v\000e\000a\000u\000\040\0001}{}% 2
\BOOKMARK [1][]{section*.3}{\376\377\000E\000v\000n\000e\000\040\000b\000e\000s\000k\000r\000i\000v\000e\000l\000s\000e}{chapter.2}% 3
\BOOKMARK [2][]{subsection*.5}{\376\377\000E\000k\000s\000t\000r\000a\000\040\000N\000K\000\040\000N\000i\000v\000.\000\040\0001}{section*.3}% 4
\BOOKMARK [2][]{subsection*.6}{\376\377\000I\000n\000d\000k\000o\000m\000s\000t}{section*.3}% 5
\BOOKMARK [2][]{subsection*.7}{\376\377\000L\000a\000v\000e\000\040\000l\000\345\000s\000e\000\040\000N\000i\000v\000.\000\040\0001}{section*.3}% 6
\BOOKMARK [2][]{table.caption.8}{\376\377\000R\000e\000p\000a\000r\000e\000r\000e\000\040\000r\000u\000s\000t\000n\000i\000n\000g\000\040\000N\000i\000v\000.\000\040\0001}{section*.3}% 7
\BOOKMARK [0][]{chapter.3}{\376\377\0003\000\040\000N\000i\000v\000e\000a\000u\000\040\0002}{}% 8
\BOOKMARK [1][]{section*.10}{\376\377\000E\000v\000n\000e\000\040\000b\000e\000s\000k\000r\000i\000v\000e\000l\000s\000e}{chapter.3}% 9
\BOOKMARK [2][]{subsection*.11}{\376\377\000E\000k\000s\000p\000e\000r\000t\000v\000i\000d\000n\000e}{section*.10}% 10
\BOOKMARK [2][]{subsection*.12}{\376\377\000E\000k\000s\000t\000r\000a\000\040\000L\000P\000\040\000N\000i\000v\000.\000\040\0001}{section*.10}% 11
\BOOKMARK [2][]{subsection*.13}{\376\377\000E\000k\000s\000t\000r\000a\000\040\000N\000K\000\040\000N\000i\000v\000.\000\040\0002}{section*.10}% 12
\BOOKMARK [2][]{subsection*.14}{\376\377\000L\000a\000v\000e\000\040\000l\000\345\000s\000e\000\040\000N\000i\000v\000.\000\040\0002}{section*.10}% 13
\BOOKMARK [2][]{subsection*.16}{\376\377\000R\000e\000p\000a\000r\000e\000r\000e\000\040\000r\000u\000s\000t\000n\000i\000n\000g\000\040\000N\000i\000v\000.\000\040\0002}{section*.10}% 14
\BOOKMARK [0][]{chapter.4}{\376\377\0004\000\040\000N\000i\000v\000e\000a\000u\000\040\0003}{}% 15
\BOOKMARK [1][]{section*.18}{\376\377\000E\000v\000n\000e\000\040\000b\000e\000s\000k\000r\000i\000v\000e\000l\000s\000e}{chapter.4}% 16
\BOOKMARK [2][]{subsection*.19}{\376\377\000E\000k\000s\000t\000r\000a\000\040\000N\000K\000\040\000N\000i\000v\000.\000\040\0003}{section*.18}% 17
\BOOKMARK [2][]{subsection*.20}{\376\377\000L\000a\000v\000\040\000K\000r\000u\000d\000t}{section*.18}% 18
\BOOKMARK [2][]{subsection*.21}{\376\377\000L\000a\000v\000e\000\040\000l\000\345\000s\000e\000\040\000N\000i\000v\000.\000\040\0003}{section*.18}% 19
\BOOKMARK [2][]{subsection*.23}{\376\377\000L\000e\000v\000e\000n\000d\000e\000\040\000a\000r\000m\000b\000o\000l\000t}{section*.18}% 20
\BOOKMARK [2][]{subsection*.24}{\376\377\000R\000e\000p\000a\000r\000e\000r\000e\000\040\000r\000u\000s\000t\000n\000i\000n\000g\000\040\000N\000i\000v\000.\000\040\0003}{section*.18}% 21
\BOOKMARK [2][]{subsection*.25}{\376\377\000M\000e\000t\000a\000l\000e\000t\000s\000\040\000k\000a\000l\000d}{section*.18}% 22
\BOOKMARK [0][]{chapter.5}{\376\377\0005\000\040\000N\000i\000v\000e\000a\000u\000\040\0004}{}% 23
\BOOKMARK [1][]{section*.26}{\376\377\000E\000v\000n\000e\000\040\000b\000e\000s\000k\000r\000i\000v\000e\000l\000s\000e}{chapter.5}% 24
\BOOKMARK [2][]{section*.27}{\376\377\000E\000k\000s\000t\000r\000a\000\040\000N\000K\000\040\000N\000i\000v\000.\000\040\0004}{section*.26}% 25
\BOOKMARK [2][]{subsection*.28}{\376\377\000H\000e\000l\000l\000i\000g\000\040\000s\000m\000e\000d}{section*.26}% 26
\BOOKMARK [2][]{subsection*.29}{\376\377\000L\000\346\000s\000e\000\040\000o\000g\000\040\000s\000k\000r\000i\000v\000e\000\040\000H\000e\000l\000l\000i\000g}{section*.26}% 27
\BOOKMARK [2][]{subsection*.31}{\376\377\000P\000e\000r\000f\000e\000k\000t\000i\000o\000n\000i\000s\000t}{section*.26}% 28
\BOOKMARK [2][]{subsection*.32}{\376\377\000T\000i\000t\000a\000n\000\040\000S\000m\000e\000d}{section*.26}% 29
\BOOKMARK [2][]{subsection*.33}{\376\377\000R\000u\000n\000e\000s\000m\000e\000d\000n\000i\000n\000g}{section*.26}% 30
\BOOKMARK [0][]{chapter*.38}{\376\377\000G\000e\000n\000e\000r\000e\000l\000l\000e\000\040\000e\000v\000n\000e\000r}{}% 31
\BOOKMARK [1][]{table.caption.39}{\376\377\000E\000v\000n\000e\000\040\000b\000e\000s\000k\000r\000i\000v\000e\000l\000s\000e}{chapter*.38}% 32
\BOOKMARK [2][]{subsection*.40}{\376\377\0006\000.\000\040\000s\000a\000n\000s\000\040\000N\000i\000v\000.\000\040\0001}{table.caption.39}% 33
\BOOKMARK [2][]{subsection*.41}{\376\377\0006\000.\000\040\000s\000a\000n\000s\000\040\000N\000i\000v\000.\000\040\0002}{table.caption.39}% 34
\BOOKMARK [2][]{subsection*.42}{\376\377\000B\000o\000n\000k}{table.caption.39}% 35
\BOOKMARK [2][]{subsection*.43}{\376\377\000B\000r\000u\000g\000\040\000a\000f\000\040\000p\000i\000s\000t\000o\000l}{table.caption.39}% 36
\BOOKMARK [2][]{subsection*.44}{\376\377\000B\000\346\000r\000e\000\040\000p\000e\000r\000s\000o\000n}{table.caption.39}% 37
\BOOKMARK [2][]{subsection*.45}{\376\377\000F\000\370\000r\000s\000t\000e\000h\000j\000\346\000l\000p}{table.caption.39}% 38
\BOOKMARK [2][]{subsection*.46}{\376\377\000L\000\346\000s\000e\000\040\000o\000g\000\040\000s\000k\000r\000i\000v\000e}{table.caption.39}% 39
\BOOKMARK [2][]{subsection*.47}{\376\377\000M\000i\000n\000e\000a\000r\000b\000e\000j\000d\000e\000r}{table.caption.39}% 40
\BOOKMARK [2][]{subsection*.48}{\376\377\000P\000\345\000f\000\370\000r\000\040\000g\000i\000f\000t}{table.caption.39}% 41
\BOOKMARK [2][]{subsection*.49}{\376\377\000S\000l\000a\000g\000s\000b\000r\000o\000r\000\040\000N\000i\000v\000.\000\040\0001}{table.caption.39}% 42
\BOOKMARK [2][]{subsection*.50}{\376\377\000S\000l\000a\000g\000s\000b\000r\000o\000r\000\040\000N\000i\000v\000.\000\040\0002}{table.caption.39}% 43
\BOOKMARK [2][]{subsection*.51}{\376\377\000S\000l\000a\000g\000s\000b\000r\000o\000r\000\040\000N\000i\000v\000.\000\040\0002}{table.caption.39}% 44
\BOOKMARK [2][]{subsection*.52}{\376\377\000S\000p\000e\000c\000i\000a\000l\000e}{table.caption.39}% 45
\BOOKMARK [2][]{subsection*.53}{\376\377\000U\000r\000t\000e\000s\000a\000m\000l\000e\000r}{table.caption.39}% 46
